<?xml version="1.0" encoding="UTF-8"?>
<testng-results ignored="0" total="1" passed="1" failed="0" skipped="0">
  <reporter-output>
  </reporter-output>
  <suite started-at="2021-06-05T12:44:46Z" name="Default suite" finished-at="2021-06-05T12:44:47Z" duration-ms="1142">
    <groups>
    </groups>
    <test started-at="2021-06-05T12:44:46Z" name="Default test" finished-at="2021-06-05T12:44:47Z" duration-ms="1142">
      <class name="com.qa.tests.PostAPITest">
        <test-method is-config="true" signature="setUp()[pri:0, instance:com.qa.tests.PostAPITest@1e4d3ce5]" started-at="2021-06-05T12:44:46Z" name="setUp" finished-at="2021-06-05T12:44:46Z" duration-ms="4" status="PASS">
          <reporter-output>
          </reporter-output>
        </test-method> <!-- setUp -->
        <test-method signature="postAPITest()[pri:0, instance:com.qa.tests.PostAPITest@1e4d3ce5]" started-at="2021-06-05T12:44:46Z" name="postAPITest" finished-at="2021-06-05T12:44:47Z" duration-ms="1118" status="PASS">
          <reporter-output>
          </reporter-output>
        </test-method> <!-- postAPITest -->
      </class> <!-- com.qa.tests.PostAPITest -->
    </test> <!-- Default test -->
  </suite> <!-- Default suite -->
</testng-results>
