<?xml version="1.0" encoding="UTF-8"?>
<testng-results ignored="0" total="1" passed="1" failed="0" skipped="0">
  <reporter-output>
  </reporter-output>
  <suite started-at="2021-06-04T09:45:07Z" name="Default suite" finished-at="2021-06-04T09:45:08Z" duration-ms="477">
    <groups>
    </groups>
    <test started-at="2021-06-04T09:45:07Z" name="Default test" finished-at="2021-06-04T09:45:08Z" duration-ms="477">
      <class name="com.qa.tests.GetAPITest">
        <test-method is-config="true" signature="setUp()[pri:0, instance:com.qa.tests.GetAPITest@1e4d3ce5]" started-at="2021-06-04T09:45:07Z" name="setUp" finished-at="2021-06-04T09:45:07Z" duration-ms="3" status="PASS">
          <reporter-output>
          </reporter-output>
        </test-method> <!-- setUp -->
        <test-method signature="getAPITest()[pri:0, instance:com.qa.tests.GetAPITest@1e4d3ce5]" started-at="2021-06-04T09:45:07Z" name="getAPITest" finished-at="2021-06-04T09:45:08Z" duration-ms="457" status="PASS">
          <reporter-output>
          </reporter-output>
        </test-method> <!-- getAPITest -->
      </class> <!-- com.qa.tests.GetAPITest -->
    </test> <!-- Default test -->
  </suite> <!-- Default suite -->
</testng-results>
